nohup: ignoring input
GDP
   1946-01-01  Unnamed: 1
0  1946-04-01         NaN
1  1946-07-01         NaN
     1946-01-01  Unnamed: 1
294  2019-10-01   21729.124
295  2020-01-01   21537.940
A939RC0Q052SBEA
   1947-01-01  1699.0
0  1947-04-01  1711.0
1  1947-07-01  1728.0
     1947-01-01   1699.0
290  2019-10-01  66009.0
291  2020-01-01  65360.0
CES0500000003
   2006-03-01  20.04
0  2006-04-01  20.17
1  2006-05-01  20.13
     2006-03-01  20.04
167  2020-03-01  28.67
168  2020-04-01  30.01
recession
         Peak       Trough
0  1857-06-01   1858-12-01
1  1860-10-01   1861-06-01
          Peak       Trough
31  2001-03-01   2001-11-01
32  2007-12-01   2009-06-01
TOTCI
   1973-01-03  134.0421
0  1973-01-10  134.4069
1  1973-01-17  134.9826
      1973-01-03   134.0421
2468  2020-04-29  3030.5537
2469  2020-05-06  3079.1231
FGCCSLQ027S
   1946-10-01  0.0
0  1947-01-01  NaN
1  1947-04-01  NaN
     1946-10-01      0.0
290  2019-07-01  88856.0
291  2019-10-01  68335.0
XTEXVA01USM664S
   1955-01-01  Unnamed: 1
0  1955-02-01         NaN
1  1955-03-01         NaN
     1955-01-01    Unnamed: 1
780  2020-02-01  1.368620e+11
781  2020-03-01  1.280130e+11
FEDFUNDS
   1954-07-01   0.8
0  1954-08-01  1.22
1  1954-09-01  1.06
     1954-07-01   0.8
787  2020-03-01  0.65
788  2020-04-01  0.05
PCE
   1959-01-01  306.1
0  1959-02-01  309.6
1  1959-03-01  312.7
     1959-01-01    306.1
732  2020-02-01  14940.5
733  2020-03-01  13813.2
